<?xml version="1.0" encoding="UTF-8"?>
<!-- Generated by org.testng.reporters.JUnitXMLReporter -->
<testsuite hostname="YP1009097DT" ignored="0" name="Tests on YOU portal" tests="5" failures="0" timestamp="17 Jun 2019 06:59:40 GMT" time="146.122" errors="0">
  <testcase name="isYOULogoDisplayedTest" time="0.122" classname="com.YOU.qa.tests.HomePageTest"/>
  <testcase name="isYashLogoDisplayedTest" time="0.109" classname="com.YOU.qa.tests.HomePageTest"/>
  <testcase name="noOFSharedServicesTest" time="0.4" classname="com.YOU.qa.tests.HomePageTest"/>
  <testcase name="userNameOnHomePageTest" time="0.066" classname="com.YOU.qa.tests.HomePageTest"/>
  <testcase name="userNameOnInfogramPageTest" time="12.584" classname="com.YOU.qa.tests.InfogramPageTest"/>
</testsuite> <!-- Tests on YOU portal -->
